<?xml version="1.0" encoding="UTF-8"?>
<testsuite xmlns:xsi="http://www.w3.org/2001/XMLSchema-instance" xsi:noNamespaceSchemaLocation="https://maven.apache.org/surefire/maven-surefire-plugin/xsd/surefire-test-report.xsd" name="TestSuite" time="8.221" tests="46" errors="0" skipped="0" failures="4">
  <properties>
[...]
</properties>
  <testcase name="getCustomerById on getCustomerById(com.cs5500.NEUEat.controller.CustomerControllerTest)" classname="com.cs5500.NEUEat.controller.CustomerControllerTest" time="0.693"/>
  <testcase name="resetAddress on resetAddress(com.cs5500.NEUEat.controller.CustomerControllerTest)" classname="com.cs5500.NEUEat.controller.CustomerControllerTest" time="0.026"/>
  <testcase name="getActiveOrders on getActiveOrders(com.cs5500.NEUEat.controller.CustomerControllerTest)" classname="com.cs5500.NEUEat.controller.CustomerControllerTest" time="0.028"/>
  <testcase name="getOrderHistory on getOrderHistory(com.cs5500.NEUEat.controller.CustomerControllerTest)" classname="com.cs5500.NEUEat.controller.CustomerControllerTest" time="0.044"/>
  <testcase name="deleterCustomer on deleterCustomer(com.cs5500.NEUEat.controller.CustomerControllerTest)" classname="com.cs5500.NEUEat.controller.CustomerControllerTest" time="0.005"/>
  <testcase name="loginCustomer on loginCustomer(com.cs5500.NEUEat.controller.CustomerControllerTest)" classname="com.cs5500.NEUEat.controller.CustomerControllerTest" time="0.136"/>
  <testcase name="resetPassword on resetPassword(com.cs5500.NEUEat.controller.CustomerControllerTest)" classname="com.cs5500.NEUEat.controller.CustomerControllerTest" time="0.032"/>
  <testcase name="getShoppingCart on getShoppingCart(com.cs5500.NEUEat.controller.CustomerControllerTest)" classname="com.cs5500.NEUEat.controller.CustomerControllerTest" time="0.02"/>
  <testcase name="resetPhoneNumber on resetPhoneNumber(com.cs5500.NEUEat.controller.CustomerControllerTest)" classname="com.cs5500.NEUEat.controller.CustomerControllerTest" time="0.013"/>
  <testcase name="registerCustomer on registerCustomer(com.cs5500.NEUEat.controller.CustomerControllerTest)" classname="com.cs5500.NEUEat.controller.CustomerControllerTest" time="0.082"/>
  <testcase name="logoutCustomer on logoutCustomer(com.cs5500.NEUEat.controller.CustomerControllerTest)" classname="com.cs5500.NEUEat.controller.CustomerControllerTest" time="0.005"/>
  <testcase name="getRestaurantInformation on getRestaurantInformation(com.cs5500.NEUEat.controller.RestaurantControllerTest)" classname="com.cs5500.NEUEat.controller.RestaurantControllerTest" time="0.02"/>
  <testcase name="resetAddress on resetAddress(com.cs5500.NEUEat.controller.RestaurantControllerTest)" classname="com.cs5500.NEUEat.controller.RestaurantControllerTest" time="0.015"/>
  <testcase name="getActiveOrders on getActiveOrders(com.cs5500.NEUEat.controller.RestaurantControllerTest)" classname="com.cs5500.NEUEat.controller.RestaurantControllerTest" time="0.028">
    <failure message="Request processing failed; nested exception is java.lang.NullPointerException" type="org.springframework.web.util.NestedServletException">org.springframework.web.util.NestedServletException: Request processing failed; nested exception is java.lang.NullPointerException
	at com.cs5500.NEUEat.controller.RestaurantControllerTest.getActiveOrders(RestaurantControllerTest.java:122)
Caused by: java.lang.NullPointerException
	at com.cs5500.NEUEat.controller.RestaurantControllerTest.getActiveOrders(RestaurantControllerTest.java:122)
</failure>
    <system-out><![CDATA[2020-12-13 02:19:22.252  INFO 2968 --- [           main] .b.t.c.SpringBootTestContextBootstrapper : Neither @ContextConfiguration nor @ContextHierarchy found for test class [com.cs5500.NEUEat.controller.RestaurantControllerTest], using SpringBootContextLoader
2020-12-13 02:19:22.253  INFO 2968 --- [           main] o.s.t.c.support.AbstractContextLoader    : Could not detect default resource locations for test class [com.cs5500.NEUEat.controller.RestaurantControllerTest]: no resource found for suffixes {-context.xml, Context.groovy}.
2020-12-13 02:19:22.256  INFO 2968 --- [           main] .b.t.c.SpringBootTestContextBootstrapper : Using TestExecutionListeners: [org.springframework.test.context.web.ServletTestExecutionListener@3479c4f, org.springframework.test.context.support.DirtiesContextBeforeModesTestExecutionListener@514759a9, org.springframework.test.context.support.DependencyInjectionTestExecutionListener@2bfc7afd, org.springframework.test.context.support.DirtiesContextTestExecutionListener@4504c667]
2020-12-13 02:19:22.260  INFO 2968 --- [           main] o.s.b.t.m.w.SpringBootMockServletContext : Initializing Spring TestDispatcherServlet ''
2020-12-13 02:19:22.261  INFO 2968 --- [           main] o.s.t.web.servlet.TestDispatcherServlet  : Initializing Servlet ''
2020-12-13 02:19:22.263  INFO 2968 --- [           main] o.s.t.web.servlet.TestDispatcherServlet  : Completed initialization in 2 ms
]]></system-out>
  </testcase>
  <testcase name="updateRestaurantInformation on updateRestaurantInformation(com.cs5500.NEUEat.controller.RestaurantControllerTest)" classname="com.cs5500.NEUEat.controller.RestaurantControllerTest" time="0.111"/>
  <testcase name="getOrderHistory on getOrderHistory(com.cs5500.NEUEat.controller.RestaurantControllerTest)" classname="com.cs5500.NEUEat.controller.RestaurantControllerTest" time="0.01">
    <failure message="Request processing failed; nested exception is java.lang.NullPointerException" type="org.springframework.web.util.NestedServletException">org.springframework.web.util.NestedServletException: Request processing failed; nested exception is java.lang.NullPointerException
	at com.cs5500.NEUEat.controller.RestaurantControllerTest.getOrderHistory(RestaurantControllerTest.java:136)
Caused by: java.lang.NullPointerException
	at com.cs5500.NEUEat.controller.RestaurantControllerTest.getOrderHistory(RestaurantControllerTest.java:136)
</failure>
    <system-out><![CDATA[2020-12-13 02:19:22.401  INFO 2968 --- [           main] .b.t.c.SpringBootTestContextBootstrapper : Neither @ContextConfiguration nor @ContextHierarchy found for test class [com.cs5500.NEUEat.controller.RestaurantControllerTest], using SpringBootContextLoader
2020-12-13 02:19:22.401  INFO 2968 --- [           main] o.s.t.c.support.AbstractContextLoader    : Could not detect default resource locations for test class [com.cs5500.NEUEat.controller.RestaurantControllerTest]: no resource found for suffixes {-context.xml, Context.groovy}.
2020-12-13 02:19:22.403  INFO 2968 --- [           main] .b.t.c.SpringBootTestContextBootstrapper : Using TestExecutionListeners: [org.springframework.test.context.web.ServletTestExecutionListener@417c6c2d, org.springframework.test.context.support.DirtiesContextBeforeModesTestExecutionListener@58d15e7c, org.springframework.test.context.support.DependencyInjectionTestExecutionListener@291a495a, org.springframework.test.context.support.DirtiesContextTestExecutionListener@1de02dc2]
2020-12-13 02:19:22.406  INFO 2968 --- [           main] o.s.b.t.m.w.SpringBootMockServletContext : Initializing Spring TestDispatcherServlet ''
2020-12-13 02:19:22.406  INFO 2968 --- [           main] o.s.t.web.servlet.TestDispatcherServlet  : Initializing Servlet ''
2020-12-13 02:19:22.408  INFO 2968 --- [           main] o.s.t.web.servlet.TestDispatcherServlet  : Completed initialization in 2 ms
]]></system-out>
  </testcase>
  <testcase name="searchRestaurants on searchRestaurants(com.cs5500.NEUEat.controller.RestaurantControllerTest)" classname="com.cs5500.NEUEat.controller.RestaurantControllerTest" time="0.021"/>
  <testcase name="registerRestaurant on registerRestaurant(com.cs5500.NEUEat.controller.RestaurantControllerTest)" classname="com.cs5500.NEUEat.controller.RestaurantControllerTest" time="0.086"/>
  <testcase name="getRestaurantById on getRestaurantById(com.cs5500.NEUEat.controller.RestaurantControllerTest)" classname="com.cs5500.NEUEat.controller.RestaurantControllerTest" time="0.016"/>
  <testcase name="getAllRestaurants on getAllRestaurants(com.cs5500.NEUEat.controller.RestaurantControllerTest)" classname="com.cs5500.NEUEat.controller.RestaurantControllerTest" time="0.015"/>
  <testcase name="addDishToMenu on addDishToMenu(com.cs5500.NEUEat.controller.RestaurantControllerTest)" classname="com.cs5500.NEUEat.controller.RestaurantControllerTest" time="0.009"/>
  <testcase name="getMenu on getMenu(com.cs5500.NEUEat.controller.RestaurantControllerTest)" classname="com.cs5500.NEUEat.controller.RestaurantControllerTest" time="0.012"/>
  <testcase name="deleterRestaurant on deleterRestaurant(com.cs5500.NEUEat.controller.RestaurantControllerTest)" classname="com.cs5500.NEUEat.controller.RestaurantControllerTest" time="0.007">
    <failure message="Request processing failed; nested exception is java.lang.NullPointerException" type="org.springframework.web.util.NestedServletException">org.springframework.web.util.NestedServletException: Request processing failed; nested exception is java.lang.NullPointerException
	at com.cs5500.NEUEat.controller.RestaurantControllerTest.deleterRestaurant(RestaurantControllerTest.java:255)
Caused by: java.lang.NullPointerException
	at com.cs5500.NEUEat.controller.RestaurantControllerTest.deleterRestaurant(RestaurantControllerTest.java:255)
</failure>
    <system-out><![CDATA[2020-12-13 02:19:22.592  INFO 2968 --- [           main] .b.t.c.SpringBootTestContextBootstrapper : Neither @ContextConfiguration nor @ContextHierarchy found for test class [com.cs5500.NEUEat.controller.RestaurantControllerTest], using SpringBootContextLoader
2020-12-13 02:19:22.592  INFO 2968 --- [           main] o.s.t.c.support.AbstractContextLoader    : Could not detect default resource locations for test class [com.cs5500.NEUEat.controller.RestaurantControllerTest]: no resource found for suffixes {-context.xml, Context.groovy}.
2020-12-13 02:19:22.594  INFO 2968 --- [           main] .b.t.c.SpringBootTestContextBootstrapper : Using TestExecutionListeners: [org.springframework.test.context.web.ServletTestExecutionListener@65d5ec5, org.springframework.test.context.support.DirtiesContextBeforeModesTestExecutionListener@3a4f8b23, org.springframework.test.context.support.DependencyInjectionTestExecutionListener@2d3aa0f9, org.springframework.test.context.support.DirtiesContextTestExecutionListener@39cd5713]
2020-12-13 02:19:22.595  INFO 2968 --- [           main] o.s.b.t.m.w.SpringBootMockServletContext : Initializing Spring TestDispatcherServlet ''
2020-12-13 02:19:22.595  INFO 2968 --- [           main] o.s.t.web.servlet.TestDispatcherServlet  : Initializing Servlet ''
2020-12-13 02:19:22.597  INFO 2968 --- [           main] o.s.t.web.servlet.TestDispatcherServlet  : Completed initialization in 2 ms
]]></system-out>
  </testcase>
  <testcase name="loginRestaurant on loginRestaurant(com.cs5500.NEUEat.controller.RestaurantControllerTest)" classname="com.cs5500.NEUEat.controller.RestaurantControllerTest" time="0.084"/>
  <testcase name="resetPassword on resetPassword(com.cs5500.NEUEat.controller.RestaurantControllerTest)" classname="com.cs5500.NEUEat.controller.RestaurantControllerTest" time="0.009"/>
  <testcase name="resetPhoneNumber on resetPhoneNumber(com.cs5500.NEUEat.controller.RestaurantControllerTest)" classname="com.cs5500.NEUEat.controller.RestaurantControllerTest" time="0.012"/>
  <testcase name="removeDishToMenu on removeDishToMenu(com.cs5500.NEUEat.controller.RestaurantControllerTest)" classname="com.cs5500.NEUEat.controller.RestaurantControllerTest" time="0.011"/>
  <testcase name="logoutRestaurant on logoutRestaurant(com.cs5500.NEUEat.controller.RestaurantControllerTest)" classname="com.cs5500.NEUEat.controller.RestaurantControllerTest" time="0.004"/>
  <testcase name="resetAddress on resetAddress(com.cs5500.NEUEat.controller.DriverControllerTest)" classname="com.cs5500.NEUEat.controller.DriverControllerTest" time="0.01"/>
  <testcase name="deleterDriver on deleterDriver(com.cs5500.NEUEat.controller.DriverControllerTest)" classname="com.cs5500.NEUEat.controller.DriverControllerTest" time="0.009"/>
  <testcase name="getActiveOrder on getActiveOrder(com.cs5500.NEUEat.controller.DriverControllerTest)" classname="com.cs5500.NEUEat.controller.DriverControllerTest" time="0"/>
  <testcase name="registerDriver on registerDriver(com.cs5500.NEUEat.controller.DriverControllerTest)" classname="com.cs5500.NEUEat.controller.DriverControllerTest" time="0.086"/>
  <testcase name="getOrderHistory on getOrderHistory(com.cs5500.NEUEat.controller.DriverControllerTest)" classname="com.cs5500.NEUEat.controller.DriverControllerTest" time="0.01"/>
  <testcase name="getPendingOrders on getPendingOrders(com.cs5500.NEUEat.controller.DriverControllerTest)" classname="com.cs5500.NEUEat.controller.DriverControllerTest" time="0.023"/>
  <testcase name="resetPassword on resetPassword(com.cs5500.NEUEat.controller.DriverControllerTest)" classname="com.cs5500.NEUEat.controller.DriverControllerTest" time="0.004"/>
  <testcase name="resetPhoneNumber on resetPhoneNumber(com.cs5500.NEUEat.controller.DriverControllerTest)" classname="com.cs5500.NEUEat.controller.DriverControllerTest" time="0.007"/>
  <testcase name="getDriverById on getDriverById(com.cs5500.NEUEat.controller.DriverControllerTest)" classname="com.cs5500.NEUEat.controller.DriverControllerTest" time="0.01"/>
  <testcase name="acceptOrder on acceptOrder(com.cs5500.NEUEat.controller.DriverControllerTest)" classname="com.cs5500.NEUEat.controller.DriverControllerTest" time="0.014"/>
  <testcase name="loginDriver on loginDriver(com.cs5500.NEUEat.controller.DriverControllerTest)" classname="com.cs5500.NEUEat.controller.DriverControllerTest" time="0.086"/>
  <testcase name="logoutDriver on logoutDriver(com.cs5500.NEUEat.controller.DriverControllerTest)" classname="com.cs5500.NEUEat.controller.DriverControllerTest" time="0.003"/>
  <testcase name="finishOrder on finishOrder(com.cs5500.NEUEat.controller.DriverControllerTest)" classname="com.cs5500.NEUEat.controller.DriverControllerTest" time="0.006"/>
  <testcase name="addOrderToCart on addOrderToCart(com.cs5500.NEUEat.controller.OrderControllerTest)" classname="com.cs5500.NEUEat.controller.OrderControllerTest" time="0.013">
    <failure message="Request processing failed; nested exception is java.lang.NullPointerException" type="org.springframework.web.util.NestedServletException">org.springframework.web.util.NestedServletException: Request processing failed; nested exception is java.lang.NullPointerException
	at com.cs5500.NEUEat.controller.OrderControllerTest.addOrderToCart(OrderControllerTest.java:59)
Caused by: java.lang.NullPointerException
	at com.cs5500.NEUEat.controller.OrderControllerTest.addOrderToCart(OrderControllerTest.java:59)
</failure>
    <system-out><![CDATA[2020-12-13 02:19:23.084  INFO 2968 --- [           main] .b.t.c.SpringBootTestContextBootstrapper : Neither @ContextConfiguration nor @ContextHierarchy found for test class [com.cs5500.NEUEat.controller.OrderControllerTest], using SpringBootContextLoader
2020-12-13 02:19:23.085  INFO 2968 --- [           main] o.s.t.c.support.AbstractContextLoader    : Could not detect default resource locations for test class [com.cs5500.NEUEat.controller.OrderControllerTest]: no resource found for suffixes {-context.xml, Context.groovy}.
2020-12-13 02:19:23.087  INFO 2968 --- [           main] .b.t.c.SpringBootTestContextBootstrapper : Using TestExecutionListeners: [org.springframework.test.context.web.ServletTestExecutionListener@1b8bc78c, org.springframework.test.context.support.DirtiesContextBeforeModesTestExecutionListener@77b8b32e, org.springframework.test.context.support.DependencyInjectionTestExecutionListener@1d8362f6, org.springframework.test.context.support.DirtiesContextTestExecutionListener@19b7beaf]
2020-12-13 02:19:23.088  INFO 2968 --- [           main] .b.t.c.SpringBootTestContextBootstrapper : Neither @ContextConfiguration nor @ContextHierarchy found for test class [com.cs5500.NEUEat.controller.OrderControllerTest], using SpringBootContextLoader
2020-12-13 02:19:23.088  INFO 2968 --- [           main] o.s.t.c.support.AbstractContextLoader    : Could not detect default resource locations for test class [com.cs5500.NEUEat.controller.OrderControllerTest]: no resource found for suffixes {-context.xml, Context.groovy}.
2020-12-13 02:19:23.090  INFO 2968 --- [           main] .b.t.c.SpringBootTestContextBootstrapper : Using TestExecutionListeners: [org.springframework.test.context.web.ServletTestExecutionListener@5c45adb2, org.springframework.test.context.support.DirtiesContextBeforeModesTestExecutionListener@6e5644d7, org.springframework.test.context.support.DependencyInjectionTestExecutionListener@68c40f39, org.springframework.test.context.support.DirtiesContextTestExecutionListener@4c228648]
2020-12-13 02:19:23.092  INFO 2968 --- [           main] o.s.b.t.m.w.SpringBootMockServletContext : Initializing Spring TestDispatcherServlet ''
2020-12-13 02:19:23.092  INFO 2968 --- [           main] o.s.t.web.servlet.TestDispatcherServlet  : Initializing Servlet ''
2020-12-13 02:19:23.094  INFO 2968 --- [           main] o.s.t.web.servlet.TestDispatcherServlet  : Completed initialization in 2 ms
]]></system-out>
  </testcase>
  <testcase name="checkoutUsers on checkoutUsers(com.cs5500.NEUEat.controller.OrderControllerTest)" classname="com.cs5500.NEUEat.controller.OrderControllerTest" time="0.032"/>
  <testcase name="addComment on addComment(com.cs5500.NEUEat.controller.OrderControllerTest)" classname="com.cs5500.NEUEat.controller.OrderControllerTest" time="0.009"/>
  <testcase name="deleteOrder on deleteOrder(com.cs5500.NEUEat.controller.OrderControllerTest)" classname="com.cs5500.NEUEat.controller.OrderControllerTest" time="0.008"/>
  <testcase name="deleteComment on deleteComment(com.cs5500.NEUEat.controller.OrderControllerTest)" classname="com.cs5500.NEUEat.controller.OrderControllerTest" time="0.01"/>
</testsuite>