<?xml version="1.0" encoding="UTF-8"?>
<!-- Generated by org.testng.reporters.JUnitXMLReporter -->
<testsuite ignored="0" hostname="s-MacBook-Pro.local" failures="4" tests="46" name="Surefire test" time="7.823" errors="0" timestamp="13 Dec 2020 10:19:23 GMT">
  <testcase classname="com.cs5500.NEUEat.controller.CustomerControllerTest" name="getCustomerById on getCustomerById(com.cs5500.NEUEat.controller.CustomerControllerTest)" time="5.801"/>
  <testcase classname="com.cs5500.NEUEat.controller.CustomerControllerTest" name="resetAddress on resetAddress(com.cs5500.NEUEat.controller.CustomerControllerTest)" time="5.827"/>
  <testcase classname="com.cs5500.NEUEat.controller.CustomerControllerTest" name="getActiveOrders on getActiveOrders(com.cs5500.NEUEat.controller.CustomerControllerTest)" time="5.856"/>
  <testcase classname="com.cs5500.NEUEat.controller.CustomerControllerTest" name="getOrderHistory on getOrderHistory(com.cs5500.NEUEat.controller.CustomerControllerTest)" time="5.884"/>
  <testcase classname="com.cs5500.NEUEat.controller.CustomerControllerTest" name="deleterCustomer on deleterCustomer(com.cs5500.NEUEat.controller.CustomerControllerTest)" time="5.905"/>
  <testcase classname="com.cs5500.NEUEat.controller.CustomerControllerTest" name="loginCustomer on loginCustomer(com.cs5500.NEUEat.controller.CustomerControllerTest)" time="6.042"/>
  <testcase classname="com.cs5500.NEUEat.controller.CustomerControllerTest" name="resetPassword on resetPassword(com.cs5500.NEUEat.controller.CustomerControllerTest)" time="6.075"/>
  <testcase classname="com.cs5500.NEUEat.controller.CustomerControllerTest" name="getShoppingCart on getShoppingCart(com.cs5500.NEUEat.controller.CustomerControllerTest)" time="6.096"/>
  <testcase classname="com.cs5500.NEUEat.controller.CustomerControllerTest" name="resetPhoneNumber on resetPhoneNumber(com.cs5500.NEUEat.controller.CustomerControllerTest)" time="6.11"/>
  <testcase classname="com.cs5500.NEUEat.controller.CustomerControllerTest" name="registerCustomer on registerCustomer(com.cs5500.NEUEat.controller.CustomerControllerTest)" time="6.192"/>
  <testcase classname="com.cs5500.NEUEat.controller.CustomerControllerTest" name="logoutCustomer on logoutCustomer(com.cs5500.NEUEat.controller.CustomerControllerTest)" time="6.198"/>
  <testcase classname="com.cs5500.NEUEat.controller.RestaurantControllerTest" name="getRestaurantInformation on getRestaurantInformation(com.cs5500.NEUEat.controller.RestaurantControllerTest)" time="0.027"/>
  <testcase classname="com.cs5500.NEUEat.controller.RestaurantControllerTest" name="resetAddress on resetAddress(com.cs5500.NEUEat.controller.RestaurantControllerTest)" time="0.048"/>
  <testcase classname="com.cs5500.NEUEat.controller.RestaurantControllerTest" name="getActiveOrders on getActiveOrders(com.cs5500.NEUEat.controller.RestaurantControllerTest)" time="0.07">
    <failure type="org.springframework.web.util.NestedServletException" message="Request processing failed; nested exception is java.lang.NullPointerException">
      <![CDATA[org.springframework.web.util.NestedServletException: Request processing failed; nested exception is java.lang.NullPointerException
at org.springframework.web.servlet.FrameworkServlet.processRequest(FrameworkServlet.java:1014)
at org.springframework.web.servlet.FrameworkServlet.doGet(FrameworkServlet.java:898)
at javax.servlet.http.HttpServlet.service(HttpServlet.java:626)
at org.springframework.web.servlet.FrameworkServlet.service(FrameworkServlet.java:883)
at org.springframework.test.web.servlet.TestDispatcherServlet.service(TestDispatcherServlet.java:65)
at javax.servlet.http.HttpServlet.service(HttpServlet.java:733)
at org.springframework.mock.web.MockFilterChain$ServletFilterProxy.doFilter(MockFilterChain.java:167)
at org.springframework.mock.web.MockFilterChain.doFilter(MockFilterChain.java:134)
at org.springframework.test.web.servlet.MockMvc.perform(MockMvc.java:155)
at com.cs5500.NEUEat.controller.RestaurantControllerTest.getActiveOrders(RestaurantControllerTest.java:122)
at org.junit.runners.model.FrameworkMethod$1.runReflectiveCall(FrameworkMethod.java:50)
at org.junit.internal.runners.model.ReflectiveCallable.run(ReflectiveCallable.java:12)
at org.junit.runners.model.FrameworkMethod.invokeExplosively(FrameworkMethod.java:47)
at org.junit.internal.runners.statements.InvokeMethod.evaluate(InvokeMethod.java:17)
at org.springframework.test.context.junit4.statements.RunBeforeTestMethodCallbacks.evaluate(RunBeforeTestMethodCallbacks.java:75)
at org.springframework.test.context.junit4.statements.RunAfterTestMethodCallbacks.evaluate(RunAfterTestMethodCallbacks.java:86)
at org.springframework.test.context.junit4.statements.SpringRepeat.evaluate(SpringRepeat.java:84)
at org.junit.runners.ParentRunner.runLeaf(ParentRunner.java:325)
at org.springframework.test.context.junit4.SpringJUnit4ClassRunner.runChild(SpringJUnit4ClassRunner.java:252)
at org.springframework.test.context.junit4.SpringJUnit4ClassRunner.runChild(SpringJUnit4ClassRunner.java:94)
at org.junit.runners.ParentRunner$3.run(ParentRunner.java:290)
at org.junit.runners.ParentRunner$1.schedule(ParentRunner.java:71)
at org.junit.runners.ParentRunner.runChildren(ParentRunner.java:288)
at org.junit.runners.ParentRunner.access$000(ParentRunner.java:58)
at org.junit.runners.ParentRunner$2.evaluate(ParentRunner.java:268)
at org.springframework.test.context.junit4.statements.RunBeforeTestClassCallbacks.evaluate(RunBeforeTestClassCallbacks.java:61)
at org.springframework.test.context.junit4.statements.RunAfterTestClassCallbacks.evaluate(RunAfterTestClassCallbacks.java:70)
at org.junit.runners.ParentRunner.run(ParentRunner.java:363)
at org.springframework.test.context.junit4.SpringJUnit4ClassRunner.run(SpringJUnit4ClassRunner.java:191)
at org.junit.runner.JUnitCore.run(JUnitCore.java:137)
at org.junit.runner.JUnitCore.run(JUnitCore.java:115)
Caused by: java.lang.NullPointerException
at com.cs5500.NEUEat.service.OrderServiceImpl.lambda$restaurantGetActiveOrders$5(OrderServiceImpl.java:201)
at java.base/java.util.stream.ReferencePipeline$2$1.accept(ReferencePipeline.java:176)
at java.base/java.util.ArrayList$ArrayListSpliterator.forEachRemaining(ArrayList.java:1654)
at java.base/java.util.stream.AbstractPipeline.copyInto(AbstractPipeline.java:484)
at java.base/java.util.stream.AbstractPipeline.wrapAndCopyInto(AbstractPipeline.java:474)
at java.base/java.util.stream.ReduceOps$ReduceOp.evaluateSequential(ReduceOps.java:913)
at java.base/java.util.stream.AbstractPipeline.evaluate(AbstractPipeline.java:234)
at java.base/java.util.stream.ReferencePipeline.collect(ReferencePipeline.java:578)
at com.cs5500.NEUEat.service.OrderServiceImpl.restaurantGetActiveOrders(OrderServiceImpl.java:202)
at com.cs5500.NEUEat.controller.RestaurantController.getActiveOrders(RestaurantController.java:124)
at org.springframework.web.method.support.InvocableHandlerMethod.doInvoke(InvocableHandlerMethod.java:190)
at org.springframework.web.method.support.InvocableHandlerMethod.invokeForRequest(InvocableHandlerMethod.java:138)
at org.springframework.web.servlet.mvc.method.annotation.ServletInvocableHandlerMethod.invokeAndHandle(ServletInvocableHandlerMethod.java:105)
at org.springframework.web.servlet.mvc.method.annotation.RequestMappingHandlerAdapter.invokeHandlerMethod(RequestMappingHandlerAdapter.java:878)
at org.springframework.web.servlet.mvc.method.annotation.RequestMappingHandlerAdapter.handleInternal(RequestMappingHandlerAdapter.java:792)
at org.springframework.web.servlet.mvc.method.AbstractHandlerMethodAdapter.handle(AbstractHandlerMethodAdapter.java:87)
at org.springframework.web.servlet.DispatcherServlet.doDispatch(DispatcherServlet.java:1040)
at org.springframework.web.servlet.DispatcherServlet.doService(DispatcherServlet.java:943)
at org.springframework.web.servlet.FrameworkServlet.processRequest(FrameworkServlet.java:1006)
... 58 more
... Removed 32 stack frames]]>
    </failure>
  </testcase> <!-- getActiveOrders on getActiveOrders(com.cs5500.NEUEat.controller.RestaurantControllerTest) -->
  <testcase classname="com.cs5500.NEUEat.controller.RestaurantControllerTest" name="updateRestaurantInformation on updateRestaurantInformation(com.cs5500.NEUEat.controller.RestaurantControllerTest)" time="0.196"/>
  <testcase classname="com.cs5500.NEUEat.controller.RestaurantControllerTest" name="getOrderHistory on getOrderHistory(com.cs5500.NEUEat.controller.RestaurantControllerTest)" time="0.21">
    <failure type="org.springframework.web.util.NestedServletException" message="Request processing failed; nested exception is java.lang.NullPointerException">
      <![CDATA[org.springframework.web.util.NestedServletException: Request processing failed; nested exception is java.lang.NullPointerException
at org.springframework.web.servlet.FrameworkServlet.processRequest(FrameworkServlet.java:1014)
at org.springframework.web.servlet.FrameworkServlet.doGet(FrameworkServlet.java:898)
at javax.servlet.http.HttpServlet.service(HttpServlet.java:626)
at org.springframework.web.servlet.FrameworkServlet.service(FrameworkServlet.java:883)
at org.springframework.test.web.servlet.TestDispatcherServlet.service(TestDispatcherServlet.java:65)
at javax.servlet.http.HttpServlet.service(HttpServlet.java:733)
at org.springframework.mock.web.MockFilterChain$ServletFilterProxy.doFilter(MockFilterChain.java:167)
at org.springframework.mock.web.MockFilterChain.doFilter(MockFilterChain.java:134)
at org.springframework.test.web.servlet.MockMvc.perform(MockMvc.java:155)
at com.cs5500.NEUEat.controller.RestaurantControllerTest.getOrderHistory(RestaurantControllerTest.java:136)
at org.junit.runners.model.FrameworkMethod$1.runReflectiveCall(FrameworkMethod.java:50)
at org.junit.internal.runners.model.ReflectiveCallable.run(ReflectiveCallable.java:12)
at org.junit.runners.model.FrameworkMethod.invokeExplosively(FrameworkMethod.java:47)
at org.junit.internal.runners.statements.InvokeMethod.evaluate(InvokeMethod.java:17)
at org.springframework.test.context.junit4.statements.RunBeforeTestMethodCallbacks.evaluate(RunBeforeTestMethodCallbacks.java:75)
at org.springframework.test.context.junit4.statements.RunAfterTestMethodCallbacks.evaluate(RunAfterTestMethodCallbacks.java:86)
at org.springframework.test.context.junit4.statements.SpringRepeat.evaluate(SpringRepeat.java:84)
at org.junit.runners.ParentRunner.runLeaf(ParentRunner.java:325)
at org.springframework.test.context.junit4.SpringJUnit4ClassRunner.runChild(SpringJUnit4ClassRunner.java:252)
at org.springframework.test.context.junit4.SpringJUnit4ClassRunner.runChild(SpringJUnit4ClassRunner.java:94)
at org.junit.runners.ParentRunner$3.run(ParentRunner.java:290)
at org.junit.runners.ParentRunner$1.schedule(ParentRunner.java:71)
at org.junit.runners.ParentRunner.runChildren(ParentRunner.java:288)
at org.junit.runners.ParentRunner.access$000(ParentRunner.java:58)
at org.junit.runners.ParentRunner$2.evaluate(ParentRunner.java:268)
at org.springframework.test.context.junit4.statements.RunBeforeTestClassCallbacks.evaluate(RunBeforeTestClassCallbacks.java:61)
at org.springframework.test.context.junit4.statements.RunAfterTestClassCallbacks.evaluate(RunAfterTestClassCallbacks.java:70)
at org.junit.runners.ParentRunner.run(ParentRunner.java:363)
at org.springframework.test.context.junit4.SpringJUnit4ClassRunner.run(SpringJUnit4ClassRunner.java:191)
at org.junit.runner.JUnitCore.run(JUnitCore.java:137)
at org.junit.runner.JUnitCore.run(JUnitCore.java:115)
Caused by: java.lang.NullPointerException
at com.cs5500.NEUEat.service.OrderServiceImpl.lambda$restaurantFindPastOrders$6(OrderServiceImpl.java:209)
at java.base/java.util.stream.ReferencePipeline$2$1.accept(ReferencePipeline.java:176)
at java.base/java.util.ArrayList$ArrayListSpliterator.forEachRemaining(ArrayList.java:1654)
at java.base/java.util.stream.AbstractPipeline.copyInto(AbstractPipeline.java:484)
at java.base/java.util.stream.AbstractPipeline.wrapAndCopyInto(AbstractPipeline.java:474)
at java.base/java.util.stream.ReduceOps$ReduceOp.evaluateSequential(ReduceOps.java:913)
at java.base/java.util.stream.AbstractPipeline.evaluate(AbstractPipeline.java:234)
at java.base/java.util.stream.ReferencePipeline.collect(ReferencePipeline.java:578)
at com.cs5500.NEUEat.service.OrderServiceImpl.restaurantFindPastOrders(OrderServiceImpl.java:210)
at com.cs5500.NEUEat.controller.RestaurantController.getOrderHistory(RestaurantController.java:133)
at org.springframework.web.method.support.InvocableHandlerMethod.doInvoke(InvocableHandlerMethod.java:190)
at org.springframework.web.method.support.InvocableHandlerMethod.invokeForRequest(InvocableHandlerMethod.java:138)
at org.springframework.web.servlet.mvc.method.annotation.ServletInvocableHandlerMethod.invokeAndHandle(ServletInvocableHandlerMethod.java:105)
at org.springframework.web.servlet.mvc.method.annotation.RequestMappingHandlerAdapter.invokeHandlerMethod(RequestMappingHandlerAdapter.java:878)
at org.springframework.web.servlet.mvc.method.annotation.RequestMappingHandlerAdapter.handleInternal(RequestMappingHandlerAdapter.java:792)
at org.springframework.web.servlet.mvc.method.AbstractHandlerMethodAdapter.handle(AbstractHandlerMethodAdapter.java:87)
at org.springframework.web.servlet.DispatcherServlet.doDispatch(DispatcherServlet.java:1040)
at org.springframework.web.servlet.DispatcherServlet.doService(DispatcherServlet.java:943)
at org.springframework.web.servlet.FrameworkServlet.processRequest(FrameworkServlet.java:1006)
... 58 more
... Removed 32 stack frames]]>
    </failure>
  </testcase> <!-- getOrderHistory on getOrderHistory(com.cs5500.NEUEat.controller.RestaurantControllerTest) -->
  <testcase classname="com.cs5500.NEUEat.controller.RestaurantControllerTest" name="searchRestaurants on searchRestaurants(com.cs5500.NEUEat.controller.RestaurantControllerTest)" time="0.23"/>
  <testcase classname="com.cs5500.NEUEat.controller.RestaurantControllerTest" name="registerRestaurant on registerRestaurant(com.cs5500.NEUEat.controller.RestaurantControllerTest)" time="0.325"/>
  <testcase classname="com.cs5500.NEUEat.controller.RestaurantControllerTest" name="getRestaurantById on getRestaurantById(com.cs5500.NEUEat.controller.RestaurantControllerTest)" time="0.339"/>
  <testcase classname="com.cs5500.NEUEat.controller.RestaurantControllerTest" name="getAllRestaurants on getAllRestaurants(com.cs5500.NEUEat.controller.RestaurantControllerTest)" time="0.353"/>
  <testcase classname="com.cs5500.NEUEat.controller.RestaurantControllerTest" name="addDishToMenu on addDishToMenu(com.cs5500.NEUEat.controller.RestaurantControllerTest)" time="0.374"/>
  <testcase classname="com.cs5500.NEUEat.controller.RestaurantControllerTest" name="getMenu on getMenu(com.cs5500.NEUEat.controller.RestaurantControllerTest)" time="0.386"/>
  <testcase classname="com.cs5500.NEUEat.controller.RestaurantControllerTest" name="deleterRestaurant on deleterRestaurant(com.cs5500.NEUEat.controller.RestaurantControllerTest)" time="0.398">
    <failure type="org.springframework.web.util.NestedServletException" message="Request processing failed; nested exception is java.lang.NullPointerException">
      <![CDATA[org.springframework.web.util.NestedServletException: Request processing failed; nested exception is java.lang.NullPointerException
at org.springframework.web.servlet.FrameworkServlet.processRequest(FrameworkServlet.java:1014)
at org.springframework.web.servlet.FrameworkServlet.doDelete(FrameworkServlet.java:931)
at javax.servlet.http.HttpServlet.service(HttpServlet.java:658)
at org.springframework.web.servlet.FrameworkServlet.service(FrameworkServlet.java:883)
at org.springframework.test.web.servlet.TestDispatcherServlet.service(TestDispatcherServlet.java:65)
at javax.servlet.http.HttpServlet.service(HttpServlet.java:733)
at org.springframework.mock.web.MockFilterChain$ServletFilterProxy.doFilter(MockFilterChain.java:167)
at org.springframework.mock.web.MockFilterChain.doFilter(MockFilterChain.java:134)
at org.springframework.test.web.servlet.MockMvc.perform(MockMvc.java:155)
at com.cs5500.NEUEat.controller.RestaurantControllerTest.deleterRestaurant(RestaurantControllerTest.java:255)
at org.junit.runners.model.FrameworkMethod$1.runReflectiveCall(FrameworkMethod.java:50)
at org.junit.internal.runners.model.ReflectiveCallable.run(ReflectiveCallable.java:12)
at org.junit.runners.model.FrameworkMethod.invokeExplosively(FrameworkMethod.java:47)
at org.junit.internal.runners.statements.InvokeMethod.evaluate(InvokeMethod.java:17)
at org.springframework.test.context.junit4.statements.RunBeforeTestMethodCallbacks.evaluate(RunBeforeTestMethodCallbacks.java:75)
at org.springframework.test.context.junit4.statements.RunAfterTestMethodCallbacks.evaluate(RunAfterTestMethodCallbacks.java:86)
at org.springframework.test.context.junit4.statements.SpringRepeat.evaluate(SpringRepeat.java:84)
at org.junit.runners.ParentRunner.runLeaf(ParentRunner.java:325)
at org.springframework.test.context.junit4.SpringJUnit4ClassRunner.runChild(SpringJUnit4ClassRunner.java:252)
at org.springframework.test.context.junit4.SpringJUnit4ClassRunner.runChild(SpringJUnit4ClassRunner.java:94)
at org.junit.runners.ParentRunner$3.run(ParentRunner.java:290)
at org.junit.runners.ParentRunner$1.schedule(ParentRunner.java:71)
at org.junit.runners.ParentRunner.runChildren(ParentRunner.java:288)
at org.junit.runners.ParentRunner.access$000(ParentRunner.java:58)
at org.junit.runners.ParentRunner$2.evaluate(ParentRunner.java:268)
at org.springframework.test.context.junit4.statements.RunBeforeTestClassCallbacks.evaluate(RunBeforeTestClassCallbacks.java:61)
at org.springframework.test.context.junit4.statements.RunAfterTestClassCallbacks.evaluate(RunAfterTestClassCallbacks.java:70)
at org.junit.runners.ParentRunner.run(ParentRunner.java:363)
at org.springframework.test.context.junit4.SpringJUnit4ClassRunner.run(SpringJUnit4ClassRunner.java:191)
at org.junit.runner.JUnitCore.run(JUnitCore.java:137)
at org.junit.runner.JUnitCore.run(JUnitCore.java:115)
Caused by: java.lang.NullPointerException
at com.cs5500.NEUEat.service.OrderServiceImpl.lambda$restaurantGetActiveOrders$5(OrderServiceImpl.java:201)
at java.base/java.util.stream.ReferencePipeline$2$1.accept(ReferencePipeline.java:176)
at java.base/java.util.ArrayList$ArrayListSpliterator.forEachRemaining(ArrayList.java:1654)
at java.base/java.util.stream.AbstractPipeline.copyInto(AbstractPipeline.java:484)
at java.base/java.util.stream.AbstractPipeline.wrapAndCopyInto(AbstractPipeline.java:474)
at java.base/java.util.stream.ReduceOps$ReduceOp.evaluateSequential(ReduceOps.java:913)
at java.base/java.util.stream.AbstractPipeline.evaluate(AbstractPipeline.java:234)
at java.base/java.util.stream.ReferencePipeline.collect(ReferencePipeline.java:578)
at com.cs5500.NEUEat.service.OrderServiceImpl.restaurantGetActiveOrders(OrderServiceImpl.java:202)
at com.cs5500.NEUEat.controller.RestaurantController.deleterRestaurant(RestaurantController.java:222)
at org.springframework.web.method.support.InvocableHandlerMethod.doInvoke(InvocableHandlerMethod.java:190)
at org.springframework.web.method.support.InvocableHandlerMethod.invokeForRequest(InvocableHandlerMethod.java:138)
at org.springframework.web.servlet.mvc.method.annotation.ServletInvocableHandlerMethod.invokeAndHandle(ServletInvocableHandlerMethod.java:105)
at org.springframework.web.servlet.mvc.method.annotation.RequestMappingHandlerAdapter.invokeHandlerMethod(RequestMappingHandlerAdapter.java:878)
at org.springframework.web.servlet.mvc.method.annotation.RequestMappingHandlerAdapter.handleInternal(RequestMappingHandlerAdapter.java:792)
at org.springframework.web.servlet.mvc.method.AbstractHandlerMethodAdapter.handle(AbstractHandlerMethodAdapter.java:87)
at org.springframework.web.servlet.DispatcherServlet.doDispatch(DispatcherServlet.java:1040)
at org.springframework.web.servlet.DispatcherServlet.doService(DispatcherServlet.java:943)
at org.springframework.web.servlet.FrameworkServlet.processRequest(FrameworkServlet.java:1006)
... 58 more
... Removed 32 stack frames]]>
    </failure>
  </testcase> <!-- deleterRestaurant on deleterRestaurant(com.cs5500.NEUEat.controller.RestaurantControllerTest) -->
  <testcase classname="com.cs5500.NEUEat.controller.RestaurantControllerTest" name="loginRestaurant on loginRestaurant(com.cs5500.NEUEat.controller.RestaurantControllerTest)" time="0.487"/>
  <testcase classname="com.cs5500.NEUEat.controller.RestaurantControllerTest" name="resetPassword on resetPassword(com.cs5500.NEUEat.controller.RestaurantControllerTest)" time="0.504"/>
  <testcase classname="com.cs5500.NEUEat.controller.RestaurantControllerTest" name="resetPhoneNumber on resetPhoneNumber(com.cs5500.NEUEat.controller.RestaurantControllerTest)" time="0.522"/>
  <testcase classname="com.cs5500.NEUEat.controller.RestaurantControllerTest" name="removeDishToMenu on removeDishToMenu(com.cs5500.NEUEat.controller.RestaurantControllerTest)" time="0.537"/>
  <testcase classname="com.cs5500.NEUEat.controller.RestaurantControllerTest" name="logoutRestaurant on logoutRestaurant(com.cs5500.NEUEat.controller.RestaurantControllerTest)" time="0.545"/>
  <testcase classname="com.cs5500.NEUEat.controller.DriverControllerTest" name="resetAddress on resetAddress(com.cs5500.NEUEat.controller.DriverControllerTest)" time="0.019"/>
  <testcase classname="com.cs5500.NEUEat.controller.DriverControllerTest" name="deleterDriver on deleterDriver(com.cs5500.NEUEat.controller.DriverControllerTest)" time="0.033"/>
  <testcase classname="com.cs5500.NEUEat.controller.DriverControllerTest" name="getActiveOrder on getActiveOrder(com.cs5500.NEUEat.controller.DriverControllerTest)" time="0.035"/>
  <testcase classname="com.cs5500.NEUEat.controller.DriverControllerTest" name="registerDriver on registerDriver(com.cs5500.NEUEat.controller.DriverControllerTest)" time="0.124"/>
  <testcase classname="com.cs5500.NEUEat.controller.DriverControllerTest" name="getOrderHistory on getOrderHistory(com.cs5500.NEUEat.controller.DriverControllerTest)" time="0.137"/>
  <testcase classname="com.cs5500.NEUEat.controller.DriverControllerTest" name="getPendingOrders on getPendingOrders(com.cs5500.NEUEat.controller.DriverControllerTest)" time="0.163"/>
  <testcase classname="com.cs5500.NEUEat.controller.DriverControllerTest" name="resetPassword on resetPassword(com.cs5500.NEUEat.controller.DriverControllerTest)" time="0.174"/>
  <testcase classname="com.cs5500.NEUEat.controller.DriverControllerTest" name="resetPhoneNumber on resetPhoneNumber(com.cs5500.NEUEat.controller.DriverControllerTest)" time="0.186"/>
  <testcase classname="com.cs5500.NEUEat.controller.DriverControllerTest" name="getDriverById on getDriverById(com.cs5500.NEUEat.controller.DriverControllerTest)" time="0.198"/>
  <testcase classname="com.cs5500.NEUEat.controller.DriverControllerTest" name="acceptOrder on acceptOrder(com.cs5500.NEUEat.controller.DriverControllerTest)" time="0.218"/>
  <testcase classname="com.cs5500.NEUEat.controller.DriverControllerTest" name="loginDriver on loginDriver(com.cs5500.NEUEat.controller.DriverControllerTest)" time="0.309"/>
  <testcase classname="com.cs5500.NEUEat.controller.DriverControllerTest" name="logoutDriver on logoutDriver(com.cs5500.NEUEat.controller.DriverControllerTest)" time="0.317"/>
  <testcase classname="com.cs5500.NEUEat.controller.DriverControllerTest" name="finishOrder on finishOrder(com.cs5500.NEUEat.controller.DriverControllerTest)" time="0.326"/>
  <testcase classname="com.cs5500.NEUEat.controller.OrderControllerTest" name="addOrderToCart on addOrderToCart(com.cs5500.NEUEat.controller.OrderControllerTest)" time="0.017">
    <failure type="org.springframework.web.util.NestedServletException" message="Request processing failed; nested exception is java.lang.NullPointerException">
      <![CDATA[org.springframework.web.util.NestedServletException: Request processing failed; nested exception is java.lang.NullPointerException
at org.springframework.web.servlet.FrameworkServlet.processRequest(FrameworkServlet.java:1014)
at org.springframework.web.servlet.FrameworkServlet.doPost(FrameworkServlet.java:909)
at javax.servlet.http.HttpServlet.service(HttpServlet.java:652)
at org.springframework.web.servlet.FrameworkServlet.service(FrameworkServlet.java:883)
at org.springframework.test.web.servlet.TestDispatcherServlet.service(TestDispatcherServlet.java:65)
at javax.servlet.http.HttpServlet.service(HttpServlet.java:733)
at org.springframework.mock.web.MockFilterChain$ServletFilterProxy.doFilter(MockFilterChain.java:167)
at org.springframework.mock.web.MockFilterChain.doFilter(MockFilterChain.java:134)
at org.springframework.test.web.servlet.MockMvc.perform(MockMvc.java:155)
at com.cs5500.NEUEat.controller.OrderControllerTest.addOrderToCart(OrderControllerTest.java:59)
at org.junit.runners.model.FrameworkMethod$1.runReflectiveCall(FrameworkMethod.java:50)
at org.junit.internal.runners.model.ReflectiveCallable.run(ReflectiveCallable.java:12)
at org.junit.runners.model.FrameworkMethod.invokeExplosively(FrameworkMethod.java:47)
at org.junit.internal.runners.statements.InvokeMethod.evaluate(InvokeMethod.java:17)
at org.junit.internal.runners.statements.RunBefores.evaluate(RunBefores.java:26)
at org.springframework.test.context.junit4.statements.RunBeforeTestMethodCallbacks.evaluate(RunBeforeTestMethodCallbacks.java:75)
at org.springframework.test.context.junit4.statements.RunAfterTestMethodCallbacks.evaluate(RunAfterTestMethodCallbacks.java:86)
at org.springframework.test.context.junit4.statements.SpringRepeat.evaluate(SpringRepeat.java:84)
at org.junit.runners.ParentRunner.runLeaf(ParentRunner.java:325)
at org.springframework.test.context.junit4.SpringJUnit4ClassRunner.runChild(SpringJUnit4ClassRunner.java:252)
at org.springframework.test.context.junit4.SpringJUnit4ClassRunner.runChild(SpringJUnit4ClassRunner.java:94)
at org.junit.runners.ParentRunner$3.run(ParentRunner.java:290)
at org.junit.runners.ParentRunner$1.schedule(ParentRunner.java:71)
at org.junit.runners.ParentRunner.runChildren(ParentRunner.java:288)
at org.junit.runners.ParentRunner.access$000(ParentRunner.java:58)
at org.junit.runners.ParentRunner$2.evaluate(ParentRunner.java:268)
at org.springframework.test.context.junit4.statements.RunBeforeTestClassCallbacks.evaluate(RunBeforeTestClassCallbacks.java:61)
at org.springframework.test.context.junit4.statements.RunAfterTestClassCallbacks.evaluate(RunAfterTestClassCallbacks.java:70)
at org.junit.runners.ParentRunner.run(ParentRunner.java:363)
at org.springframework.test.context.junit4.SpringJUnit4ClassRunner.run(SpringJUnit4ClassRunner.java:191)
at org.junit.runner.JUnitCore.run(JUnitCore.java:137)
at org.junit.runner.JUnitCore.run(JUnitCore.java:115)
Caused by: java.lang.NullPointerException
at com.cs5500.NEUEat.service.OrderServiceImpl.addOrderToCart(OrderServiceImpl.java:25)
at com.cs5500.NEUEat.controller.OrderController.addOrderToCart(OrderController.java:51)
at org.springframework.web.method.support.InvocableHandlerMethod.doInvoke(InvocableHandlerMethod.java:190)
at org.springframework.web.method.support.InvocableHandlerMethod.invokeForRequest(InvocableHandlerMethod.java:138)
at org.springframework.web.servlet.mvc.method.annotation.ServletInvocableHandlerMethod.invokeAndHandle(ServletInvocableHandlerMethod.java:105)
at org.springframework.web.servlet.mvc.method.annotation.RequestMappingHandlerAdapter.invokeHandlerMethod(RequestMappingHandlerAdapter.java:878)
at org.springframework.web.servlet.mvc.method.annotation.RequestMappingHandlerAdapter.handleInternal(RequestMappingHandlerAdapter.java:792)
at org.springframework.web.servlet.mvc.method.AbstractHandlerMethodAdapter.handle(AbstractHandlerMethodAdapter.java:87)
at org.springframework.web.servlet.DispatcherServlet.doDispatch(DispatcherServlet.java:1040)
at org.springframework.web.servlet.DispatcherServlet.doService(DispatcherServlet.java:943)
at org.springframework.web.servlet.FrameworkServlet.processRequest(FrameworkServlet.java:1006)
... 59 more
... Removed 32 stack frames]]>
    </failure>
  </testcase> <!-- addOrderToCart on addOrderToCart(com.cs5500.NEUEat.controller.OrderControllerTest) -->
  <testcase classname="com.cs5500.NEUEat.controller.OrderControllerTest" name="checkoutUsers on checkoutUsers(com.cs5500.NEUEat.controller.OrderControllerTest)" time="0.054"/>
  <testcase classname="com.cs5500.NEUEat.controller.OrderControllerTest" name="addComment on addComment(com.cs5500.NEUEat.controller.OrderControllerTest)" time="0.066"/>
  <testcase classname="com.cs5500.NEUEat.controller.OrderControllerTest" name="deleteOrder on deleteOrder(com.cs5500.NEUEat.controller.OrderControllerTest)" time="0.079"/>
  <testcase classname="com.cs5500.NEUEat.controller.OrderControllerTest" name="deleteComment on deleteComment(com.cs5500.NEUEat.controller.OrderControllerTest)" time="0.094"/>
</testsuite> <!-- Surefire test -->
